CRITICAL - 2025-04-13 21:43:22 --> CodeIgniter\View\Exceptions\ViewException: Invalid file: "principal.php"
[Method: GET, Route: /]
in SYSTEMPATH\Exceptions\FrameworkException.php on line 39.
 1 SYSTEMPATH\View\View.php(212): CodeIgniter\Exceptions\FrameworkException::forInvalidFile('principal.php')
 2 SYSTEMPATH\Common.php(1173): CodeIgniter\View\View->render('principal', [], true)
 3 APPPATH\Controllers\Home.php(9): view('principal')
 4 SYSTEMPATH\CodeIgniter.php(933): App\Controllers\Home->index()
 5 SYSTEMPATH\CodeIgniter.php(507): CodeIgniter\CodeIgniter->runController(Object(App\Controllers\Home))
 6 SYSTEMPATH\CodeIgniter.php(354): CodeIgniter\CodeIgniter->handleRequest(null, Object(Config\Cache), false)
 7 SYSTEMPATH\Boot.php(334): CodeIgniter\CodeIgniter->run()
 8 SYSTEMPATH\Boot.php(67): CodeIgniter\Boot::runCodeIgniter(Object(CodeIgniter\CodeIgniter))
 9 FCPATH\index.php(62): CodeIgniter\Boot::bootWeb(Object(Config\Paths))
CRITICAL - 2025-04-13 21:44:06 --> ErrorException: Undefined variable $header
[Method: GET, Route: /]
in APPPATH\Views\principal.php on line 1.
 1 APPPATH\Views\principal.php(1): CodeIgniter\Debug\Exceptions->errorHandler(2, 'Undefined variable $header', 'C:\\xampp\\htdocs\\ProyectoLM\\app\\Views\\principal.php', 1)
 2 SYSTEMPATH\View\View.php(224): include('C:\\xampp\\htdocs\\ProyectoLM\\app\\Views\\principal.php')
 3 SYSTEMPATH\View\View.php(227): CodeIgniter\View\View->CodeIgniter\View\{closure}()
 4 SYSTEMPATH\Common.php(1173): CodeIgniter\View\View->render('principal', [], true)
 5 APPPATH\Controllers\Home.php(9): view('principal')
 6 SYSTEMPATH\CodeIgniter.php(933): App\Controllers\Home->index()
 7 SYSTEMPATH\CodeIgniter.php(507): CodeIgniter\CodeIgniter->runController(Object(App\Controllers\Home))
 8 SYSTEMPATH\CodeIgniter.php(354): CodeIgniter\CodeIgniter->handleRequest(null, Object(Config\Cache), false)
 9 SYSTEMPATH\Boot.php(334): CodeIgniter\CodeIgniter->run()
10 SYSTEMPATH\Boot.php(67): CodeIgniter\Boot::runCodeIgniter(Object(CodeIgniter\CodeIgniter))
11 FCPATH\index.php(62): CodeIgniter\Boot::bootWeb(Object(Config\Paths))
CRITICAL - 2025-04-13 21:44:37 --> ErrorException: Undefined variable $header
[Method: GET, Route: /]
in APPPATH\Views\principal.php on line 1.
 1 APPPATH\Views\principal.php(1): CodeIgniter\Debug\Exceptions->errorHandler(2, 'Undefined variable $header', 'C:\\xampp\\htdocs\\ProyectoLM\\app\\Views\\principal.php', 1)
 2 SYSTEMPATH\View\View.php(224): include('C:\\xampp\\htdocs\\ProyectoLM\\app\\Views\\principal.php')
 3 SYSTEMPATH\View\View.php(227): CodeIgniter\View\View->CodeIgniter\View\{closure}()
 4 SYSTEMPATH\Common.php(1173): CodeIgniter\View\View->render('principal', [], true)
 5 APPPATH\Controllers\Home.php(9): view('principal')
 6 SYSTEMPATH\CodeIgniter.php(933): App\Controllers\Home->index()
 7 SYSTEMPATH\CodeIgniter.php(507): CodeIgniter\CodeIgniter->runController(Object(App\Controllers\Home))
 8 SYSTEMPATH\CodeIgniter.php(354): CodeIgniter\CodeIgniter->handleRequest(null, Object(Config\Cache), false)
 9 SYSTEMPATH\Boot.php(334): CodeIgniter\CodeIgniter->run()
10 SYSTEMPATH\Boot.php(67): CodeIgniter\Boot::runCodeIgniter(Object(CodeIgniter\CodeIgniter))
11 FCPATH\index.php(62): CodeIgniter\Boot::bootWeb(Object(Config\Paths))
